<?xml version="1.0" encoding="UTF-8"?>
<testng-results ignored="0" total="1" passed="1" failed="0" skipped="0">
  <reporter-output>
  </reporter-output>
  <suite started-at="2024-08-17T12:31:40 IST" name="Default suite" finished-at="2024-08-17T12:32:01 IST" duration-ms="21438">
    <groups>
    </groups>
    <test started-at="2024-08-17T12:31:40 IST" name="Default test" finished-at="2024-08-17T12:32:01 IST" duration-ms="21438">
      <class name="com.CoverFox.testCase.landingPageTest">
        <test-method is-config="true" signature="configbrowser()[pri:0, instance:com.CoverFox.testCase.landingPageTest@6fa51cd4]" started-at="2024-08-17T12:31:40 IST" name="configbrowser" finished-at="2024-08-17T12:31:48 IST" duration-ms="8071" status="PASS">
          <reporter-output>
          </reporter-output>
        </test-method> <!-- configbrowser -->
        <test-method signature="openlandingPage()[pri:0, instance:com.CoverFox.testCase.landingPageTest@6fa51cd4]" started-at="2024-08-17T12:31:48 IST" name="openlandingPage" finished-at="2024-08-17T12:31:55 IST" duration-ms="7428" status="PASS">
          <reporter-output>
          </reporter-output>
        </test-method> <!-- openlandingPage -->
        <test-method is-config="true" signature="closure()[pri:0, instance:com.CoverFox.testCase.landingPageTest@6fa51cd4]" started-at="2024-08-17T12:31:55 IST" name="closure" finished-at="2024-08-17T12:32:01 IST" duration-ms="5857" status="PASS">
          <reporter-output>
          </reporter-output>
        </test-method> <!-- closure -->
      </class> <!-- com.CoverFox.testCase.landingPageTest -->
    </test> <!-- Default test -->
  </suite> <!-- Default suite -->
</testng-results>
